Running: E:\__Program_Files__\XILINX\14.7\ISE_DS\ISE\bin\nt64\unwrapped\fuse.exe -intstyle ise -incremental -lib secureip -o E:/SZKOLA/aaaSEMESTR - 5/UCISW/Lab 1/zad2/zad2_schemat_zad2_schemat_sch_tb_isim_beh.exe -prj E:/SZKOLA/aaaSEMESTR - 5/UCISW/Lab 1/zad2/zad2_schemat_zad2_schemat_sch_tb_beh.prj work.zad2_schemat_zad2_schemat_sch_tb 
ISim P.20131013 (signature 0x7708f090)
Number of CPUs detected in this system: 4
Turning on mult-threading, number of parallel sub-compilation jobs: 8 
Determining compilation order of HDL files
Parsing VHDL file "E:/SZKOLA/aaaSEMESTR - 5/UCISW/Lab 1/zad2/zad2_schemat.vhf" into library work
Parsing VHDL file "E:/SZKOLA/aaaSEMESTR - 5/UCISW/Lab 1/zad2/zad2_testbench.vhd" into library work
Starting static elaboration
Completed static elaboration
Compiling package standard
Compiling package std_logic_1164
Compiling package numeric_std
Compiling package vcomponents
Compiling architecture and2_v of entity AND2 [and2_default]
Compiling architecture and3_v of entity AND3 [and3_default]
Compiling architecture or4_v of entity OR4 [or4_default]
Compiling architecture inv_v of entity INV [inv_default]
Compiling architecture behavioral of entity zad2_schemat [zad2_schemat_default]
Compiling architecture behavioral of entity zad2_schemat_zad2_schemat_sch_tb
Time Resolution for simulation is 1ps.
Waiting for 2 sub-compilation(s) to finish...
Compiled 15 VHDL Units
Built simulation executable E:/SZKOLA/aaaSEMESTR - 5/UCISW/Lab 1/zad2/zad2_schemat_zad2_schemat_sch_tb_isim_beh.exe
Fuse Memory Usage: 46748 KB
Fuse CPU Usage: 514 ms
