Running: C:\Xilinx\14.7\ISE_DS\ISE\bin\nt64\unwrapped\fuse.exe -intstyle ise -incremental -lib secureip -o C:/Users/sfran/Documents/Repo/UCISW-LAB-1/zad1/zad1_schemat_zad1_schemat_sch_tb_isim_beh.exe -prj C:/Users/sfran/Documents/Repo/UCISW-LAB-1/zad1/zad1_schemat_zad1_schemat_sch_tb_beh.prj work.zad1_schemat_zad1_schemat_sch_tb 
ISim P.20131013 (signature 0x7708f090)
Number of CPUs detected in this system: 8
Turning on mult-threading, number of parallel sub-compilation jobs: 16 
Determining compilation order of HDL files
Parsing VHDL file "C:/Users/sfran/Documents/Repo/UCISW-LAB-1/zad1/zad1_schemat.vhf" into library work
Parsing VHDL file "C:/Users/sfran/Documents/Repo/UCISW-LAB-1/zad1/zad1_testBench.vhd" into library work
Starting static elaboration
Completed static elaboration
Compiling package standard
Compiling package std_logic_1164
Compiling package numeric_std
Compiling package vcomponents
Compiling architecture and2_v of entity AND2 [and2_default]
Compiling architecture behavioral of entity zad1_schemat [zad1_schemat_default]
Compiling architecture behavioral of entity zad1_schemat_zad1_schemat_sch_tb
Time Resolution for simulation is 1ps.
WARNING:Simulator - Unable to copy libPortabilityNOSH.dll to the simulation executable directory: boost::filesystem::copy_file: System nie mo¿e odnale æ okre lonej  cie¿ki, "isim\zad1_schemat_zad1_schemat_sch_tb_isim_beh.exe.sim\libPortability.dll".
Compiled 9 VHDL Units
Built simulation executable C:/Users/sfran/Documents/Repo/UCISW-LAB-1/zad1/zad1_schemat_zad1_schemat_sch_tb_isim_beh.exe
Fuse Memory Usage: 50540 KB
Fuse CPU Usage: 1015 ms
