ISim log file
Running: E:\SZKOLA\aaaSEMESTR - 5\UCISW\Lab 1\zad3\zad3_schemat_zad3_schemat_sch_tb_isim_beh.exe -intstyle ise -gui -tclbatch isim.cmd -wdb E:/SZKOLA/aaaSEMESTR - 5/UCISW/Lab 1/zad3/zad3_schemat_zad3_schemat_sch_tb_isim_beh.wdb 
ISim P.20131013 (signature 0x7708f090)
This is a Full version of ISim.
Time resolution is 1 ps
# onerror resume
# wave add /
# run 1000 ns
Simulator is doing circuit initialization process.
Finished circuit initialization process.
# run 0.5us
# run 0.1us
# run 0.5us
# run 0.5us
# step
ISim P.20131013 (signature 0x7708f090)
This is a Full version of ISim.
# run 1000 ns
Simulator is doing circuit initialization process.
Finished circuit initialization process.
# run 0.6us
